# JRE version: OpenJDK Runtime Environment (8.0_202-b03) (build 1.8.0_202-release-1483-b03)
# Java VM: OpenJDK 64-Bit Server VM (25.202-b03 mixed mode windows-amd64 compressed oops)
Heap:
 PSYoungGen      total 360448K, used 4734K [0x00000000e0000000, 0x00000000fa000000, 0x0000000100000000)
  eden space 337408K, 1% used [0x00000000e0000000,0x00000000e049f898,0x00000000f4980000)
  from space 23040K, 0% used [0x00000000f8980000,0x00000000f8980000,0x00000000fa000000)
  to   space 24064K, 0% used [0x00000000f4980000,0x00000000f4980000,0x00000000f6100000)
 ParOldGen       total 109056K, used 81102K [0x00000000a0000000, 0x00000000a6a80000, 0x00000000e0000000)
  object space 109056K, 74% used [0x00000000a0000000,0x00000000a4f33b60,0x00000000a6a80000)
 Metaspace       used 78502K, capacity 80744K, committed 81024K, reserved 1122304K
  class space    used 10075K, capacity 10590K, committed 10624K, reserved 1048576K
GC Heap History (10 events):
Event: 40.471 GC heap before
{Heap before GC invocations=24 (full 3):
 PSYoungGen      total 304640K, used 302543K [0x00000000e0000000, 0x00000000f4000000, 0x0000000100000000)
  eden space 295936K, 100% used [0x00000000e0000000,0x00000000f2100000,0x00000000f2100000)
  from space 8704K, 75% used [0x00000000f3780000,0x00000000f3df3c40,0x00000000f4000000)
  to   space 15872K, 0% used [0x00000000f2100000,0x00000000f2100000,0x00000000f3080000)
 ParOldGen       total 109056K, used 48863K [0x00000000a0000000, 0x00000000a6a80000, 0x00000000e0000000)
  object space 109056K, 44% used [0x00000000a0000000,0x00000000a2fb7df8,0x00000000a6a80000)
 Metaspace       used 71265K, capacity 73506K, committed 73600K, reserved 1114112K
  class space    used 9303K, capacity 9809K, committed 9856K, reserved 1048576K
Event: 40.539 GC heap after
Heap after GC invocations=24 (full 3):
 PSYoungGen      total 311808K, used 15860K [0x00000000e0000000, 0x00000000f8080000, 0x0000000100000000)
  eden space 295936K, 0% used [0x00000000e0000000,0x00000000e0000000,0x00000000f2100000)
  from space 15872K, 99% used [0x00000000f2100000,0x00000000f307d018,0x00000000f3080000)
  to   space 24576K, 0% used [0x00000000f6880000,0x00000000f6880000,0x00000000f8080000)
 ParOldGen       total 109056K, used 65165K [0x00000000a0000000, 0x00000000a6a80000, 0x00000000e0000000)
  object space 109056K, 59% used [0x00000000a0000000,0x00000000a3fa3658,0x00000000a6a80000)
 Metaspace       used 71265K, capacity 73506K, committed 73600K, reserved 1114112K
  class space    used 9303K, capacity 9809K, committed 9856K, reserved 1048576K
}
Event: 54.818 GC heap before
{Heap before GC invocations=25 (full 3):
 PSYoungGen      total 311808K, used 311796K [0x00000000e0000000, 0x00000000f8080000, 0x0000000100000000)
  eden space 295936K, 100% used [0x00000000e0000000,0x00000000f2100000,0x00000000f2100000)
  from space 15872K, 99% used [0x00000000f2100000,0x00000000f307d018,0x00000000f3080000)
  to   space 24576K, 0% used [0x00000000f6880000,0x00000000f6880000,0x00000000f8080000)
 ParOldGen       total 109056K, used 65165K [0x00000000a0000000, 0x00000000a6a80000, 0x00000000e0000000)
  object space 109056K, 59% used [0x00000000a0000000,0x00000000a3fa3658,0x00000000a6a80000)
 Metaspace       used 72956K, capacity 75310K, committed 75648K, reserved 1114112K
  class space    used 9469K, capacity 10001K, committed 10112K, reserved 1048576K
Event: 54.838 GC heap after
Heap after GC invocations=25 (full 3):
 PSYoungGen      total 353792K, used 4401K [0x00000000e0000000, 0x00000000f7880000, 0x0000000100000000)
  eden space 337408K, 0% used [0x00000000e0000000,0x00000000e0000000,0x00000000f4980000)
  from space 16384K, 26% used [0x00000000f6880000,0x00000000f6ccc420,0x00000000f7880000)
  to   space 24064K, 0% used [0x00000000f4980000,0x00000000f4980000,0x00000000f6100000)
 ParOldGen       total 109056K, used 78056K [0x00000000a0000000, 0x00000000a6a80000, 0x00000000e0000000)
  object space 109056K, 71% used [0x00000000a0000000,0x00000000a4c3a068,0x00000000a6a80000)
 Metaspace       used 72956K, capacity 75310K, committed 75648K, reserved 1114112K
  class space    used 9469K, capacity 10001K, committed 10112K, reserved 1048576K
}
Event: 57.627 GC heap before
{Heap before GC invocations=26 (full 3):
 PSYoungGen      total 353792K, used 341809K [0x00000000e0000000, 0x00000000f7880000, 0x0000000100000000)
  eden space 337408K, 100% used [0x00000000e0000000,0x00000000f4980000,0x00000000f4980000)
  from space 16384K, 26% used [0x00000000f6880000,0x00000000f6ccc420,0x00000000f7880000)
  to   space 24064K, 0% used [0x00000000f4980000,0x00000000f4980000,0x00000000f6100000)
 ParOldGen       total 109056K, used 78056K [0x00000000a0000000, 0x00000000a6a80000, 0x00000000e0000000)
  object space 109056K, 71% used [0x00000000a0000000,0x00000000a4c3a068,0x00000000a6a80000)
 Metaspace       used 72969K, capacity 75310K, committed 75648K, reserved 1114112K
  class space    used 9469K, capacity 10001K, committed 10112K, reserved 1048576K
Event: 57.645 GC heap after
Heap after GC invocations=26 (full 3):
 PSYoungGen      total 361472K, used 3657K [0x00000000e0000000, 0x00000000fa000000, 0x0000000100000000)
  eden space 337408K, 0% used [0x00000000e0000000,0x00000000e0000000,0x00000000f4980000)
  from space 24064K, 15% used [0x00000000f4980000,0x00000000f4d127d8,0x00000000f6100000)
  to   space 23040K, 0% used [0x00000000f8980000,0x00000000f8980000,0x00000000fa000000)
 ParOldGen       total 109056K, used 78064K [0x00000000a0000000, 0x00000000a6a80000, 0x00000000e0000000)
  object space 109056K, 71% used [0x00000000a0000000,0x00000000a4c3c068,0x00000000a6a80000)
 Metaspace       used 72969K, capacity 75310K, committed 75648K, reserved 1114112K
  class space    used 9469K, capacity 10001K, committed 10112K, reserved 1048576K
}
Event: 64.539 GC heap before
{Heap before GC invocations=27 (full 3):
 PSYoungGen      total 361472K, used 171750K [0x00000000e0000000, 0x00000000fa000000, 0x0000000100000000)
  eden space 337408K, 49% used [0x00000000e0000000,0x00000000ea427068,0x00000000f4980000)
  from space 24064K, 15% used [0x00000000f4980000,0x00000000f4d127d8,0x00000000f6100000)
  to   space 23040K, 0% used [0x00000000f8980000,0x00000000f8980000,0x00000000fa000000)
 ParOldGen       total 109056K, used 78064K [0x00000000a0000000, 0x00000000a6a80000, 0x00000000e0000000)
  object space 109056K, 71% used [0x00000000a0000000,0x00000000a4c3c068,0x00000000a6a80000)
 Metaspace       used 78452K, capacity 80724K, committed 80768K, reserved 1124352K
  class space    used 10086K, capacity 10610K, committed 10624K, reserved 1048576K
Event: 64.582 GC heap after
Heap after GC invocations=27 (full 3):
 PSYoungGen      total 360448K, used 23034K [0x00000000e0000000, 0x00000000fa000000, 0x0000000100000000)
  eden space 337408K, 0% used [0x00000000e0000000,0x00000000e0000000,0x00000000f4980000)
  from space 23040K, 99% used [0x00000000f8980000,0x00000000f9ffe8c0,0x00000000fa000000)
  to   space 24064K, 0% used [0x00000000f4980000,0x00000000f4980000,0x00000000f6100000)
 ParOldGen       total 109056K, used 88135K [0x00000000a0000000, 0x00000000a6a80000, 0x00000000e0000000)
  object space 109056K, 80% used [0x00000000a0000000,0x00000000a5611c68,0x00000000a6a80000)
 Metaspace       used 78452K, capacity 80724K, committed 80768K, reserved 1124352K
  class space    used 10086K, capacity 10610K, committed 10624K, reserved 1048576K
}
Event: 64.582 GC heap before
{Heap before GC invocations=28 (full 4):
 PSYoungGen      total 360448K, used 23034K [0x00000000e0000000, 0x00000000fa000000, 0x0000000100000000)
  eden space 337408K, 0% used [0x00000000e0000000,0x00000000e0000000,0x00000000f4980000)
  from space 23040K, 99% used [0x00000000f8980000,0x00000000f9ffe8c0,0x00000000fa000000)
  to   space 24064K, 0% used [0x00000000f4980000,0x00000000f4980000,0x00000000f6100000)
 ParOldGen       total 109056K, used 88135K [0x00000000a0000000, 0x00000000a6a80000, 0x00000000e0000000)
  object space 109056K, 80% used [0x00000000a0000000,0x00000000a5611c68,0x00000000a6a80000)
 Metaspace       used 78452K, capacity 80724K, committed 80768K, reserved 1124352K
  class space    used 10086K, capacity 10610K, committed 10624K, reserved 1048576K
Event: 64.899 GC heap after
Heap after GC invocations=28 (full 4):
 PSYoungGen      total 360448K, used 0K [0x00000000e0000000, 0x00000000fa000000, 0x0000000100000000)
  eden space 337408K, 0% used [0x00000000e0000000,0x00000000e0000000,0x00000000f4980000)
  from space 23040K, 0% used [0x00000000f8980000,0x00000000f8980000,0x00000000fa000000)
  to   space 24064K, 0% used [0x00000000f4980000,0x00000000f4980000,0x00000000f6100000)
 ParOldGen       total 109056K, used 81102K [0x00000000a0000000, 0x00000000a6a80000, 0x00000000e0000000)
  object space 109056K, 74% used [0x00000000a0000000,0x00000000a4f33b60,0x00000000a6a80000)
 Metaspace       used 78414K, capacity 80616K, committed 80768K, reserved 1122304K
  class space    used 10075K, capacity 10590K, committed 10624K, reserved 1048576K
}

