# JRE version: OpenJDK Runtime Environment (8.0_202-b03) (build 1.8.0_202-release-1483-b03)
# Java VM: OpenJDK 64-Bit Server VM (25.202-b03 mixed mode windows-amd64 compressed oops)
Heap:
 PSYoungGen      total 339456K, used 40383K [0x00000000e0000000, 0x00000000f7d00000, 0x0000000100000000)
  eden space 302080K, 13% used [0x00000000e0000000,0x00000000e276fe98,0x00000000f2700000)
  from space 37376K, 0% used [0x00000000f5880000,0x00000000f5880000,0x00000000f7d00000)
  to   space 38400K, 0% used [0x00000000f3300000,0x00000000f3300000,0x00000000f5880000)
 ParOldGen       total 122368K, used 83107K [0x00000000a0000000, 0x00000000a7780000, 0x00000000e0000000)
  object space 122368K, 67% used [0x00000000a0000000,0x00000000a5128e90,0x00000000a7780000)
 Metaspace       used 94623K, capacity 98382K, committed 98764K, reserved 1134592K
  class space    used 12109K, capacity 12914K, committed 13056K, reserved 1048576K
GC Heap History (10 events):
Event: 174.422 GC heap before
{Heap before GC invocations=24 (full 3):
 PSYoungGen      total 328192K, used 317597K [0x00000000e0000000, 0x00000000f6900000, 0x0000000100000000)
  eden space 293888K, 100% used [0x00000000e0000000,0x00000000f1f00000,0x00000000f1f00000)
  from space 34304K, 69% used [0x00000000f4200000,0x00000000f5927790,0x00000000f6380000)
  to   space 35840K, 0% used [0x00000000f1f00000,0x00000000f1f00000,0x00000000f4200000)
 ParOldGen       total 122368K, used 48392K [0x00000000a0000000, 0x00000000a7780000, 0x00000000e0000000)
  object space 122368K, 39% used [0x00000000a0000000,0x00000000a2f420c0,0x00000000a7780000)
 Metaspace       used 92227K, capacity 95542K, committed 95832K, reserved 1132544K
  class space    used 11905K, capacity 12611K, committed 12672K, reserved 1048576K
Event: 174.439 GC heap after
Heap after GC invocations=24 (full 3):
 PSYoungGen      total 329728K, used 26732K [0x00000000e0000000, 0x00000000f8100000, 0x0000000100000000)
  eden space 293888K, 0% used [0x00000000e0000000,0x00000000e0000000,0x00000000f1f00000)
  from space 35840K, 74% used [0x00000000f1f00000,0x00000000f391b348,0x00000000f4200000)
  to   space 37888K, 0% used [0x00000000f5c00000,0x00000000f5c00000,0x00000000f8100000)
 ParOldGen       total 122368K, used 48400K [0x00000000a0000000, 0x00000000a7780000, 0x00000000e0000000)
  object space 122368K, 39% used [0x00000000a0000000,0x00000000a2f440c0,0x00000000a7780000)
 Metaspace       used 92227K, capacity 95542K, committed 95832K, reserved 1132544K
  class space    used 11905K, capacity 12611K, committed 12672K, reserved 1048576K
}
Event: 191.855 GC heap before
{Heap before GC invocations=25 (full 3):
 PSYoungGen      total 329728K, used 320620K [0x00000000e0000000, 0x00000000f8100000, 0x0000000100000000)
  eden space 293888K, 100% used [0x00000000e0000000,0x00000000f1f00000,0x00000000f1f00000)
  from space 35840K, 74% used [0x00000000f1f00000,0x00000000f391b348,0x00000000f4200000)
  to   space 37888K, 0% used [0x00000000f5c00000,0x00000000f5c00000,0x00000000f8100000)
 ParOldGen       total 122368K, used 48400K [0x00000000a0000000, 0x00000000a7780000, 0x00000000e0000000)
  object space 122368K, 39% used [0x00000000a0000000,0x00000000a2f440c0,0x00000000a7780000)
 Metaspace       used 92632K, capacity 96078K, committed 96216K, reserved 1132544K
  class space    used 11928K, capacity 12679K, committed 12800K, reserved 1048576K
Event: 191.880 GC heap after
Heap after GC invocations=25 (full 3):
 PSYoungGen      total 349184K, used 24404K [0x00000000e0000000, 0x00000000f7e00000, 0x0000000100000000)
  eden space 314368K, 0% used [0x00000000e0000000,0x00000000e0000000,0x00000000f3300000)
  from space 34816K, 70% used [0x00000000f5c00000,0x00000000f73d5368,0x00000000f7e00000)
  to   space 38400K, 0% used [0x00000000f3300000,0x00000000f3300000,0x00000000f5880000)
 ParOldGen       total 122368K, used 48408K [0x00000000a0000000, 0x00000000a7780000, 0x00000000e0000000)
  object space 122368K, 39% used [0x00000000a0000000,0x00000000a2f460c0,0x00000000a7780000)
 Metaspace       used 92632K, capacity 96078K, committed 96216K, reserved 1132544K
  class space    used 11928K, capacity 12679K, committed 12800K, reserved 1048576K
}
Event: 230.655 GC heap before
{Heap before GC invocations=26 (full 3):
 PSYoungGen      total 349184K, used 338772K [0x00000000e0000000, 0x00000000f7e00000, 0x0000000100000000)
  eden space 314368K, 100% used [0x00000000e0000000,0x00000000f3300000,0x00000000f3300000)
  from space 34816K, 70% used [0x00000000f5c00000,0x00000000f73d5368,0x00000000f7e00000)
  to   space 38400K, 0% used [0x00000000f3300000,0x00000000f3300000,0x00000000f5880000)
 ParOldGen       total 122368K, used 48408K [0x00000000a0000000, 0x00000000a7780000, 0x00000000e0000000)
  object space 122368K, 39% used [0x00000000a0000000,0x00000000a2f460c0,0x00000000a7780000)
 Metaspace       used 93408K, capacity 96918K, committed 97240K, reserved 1134592K
  class space    used 11979K, capacity 12737K, committed 12800K, reserved 1048576K
Event: 230.691 GC heap after
Heap after GC invocations=26 (full 3):
 PSYoungGen      total 340480K, used 38320K [0x00000000e0000000, 0x00000000f7d00000, 0x0000000100000000)
  eden space 302080K, 0% used [0x00000000e0000000,0x00000000e0000000,0x00000000f2700000)
  from space 38400K, 99% used [0x00000000f3300000,0x00000000f586c340,0x00000000f5880000)
  to   space 37376K, 0% used [0x00000000f5880000,0x00000000f5880000,0x00000000f7d00000)
 ParOldGen       total 122368K, used 48416K [0x00000000a0000000, 0x00000000a7780000, 0x00000000e0000000)
  object space 122368K, 39% used [0x00000000a0000000,0x00000000a2f480c0,0x00000000a7780000)
 Metaspace       used 93408K, capacity 96918K, committed 97240K, reserved 1134592K
  class space    used 11979K, capacity 12737K, committed 12800K, reserved 1048576K
}
Event: 232.711 GC heap before
{Heap before GC invocations=27 (full 3):
 PSYoungGen      total 340480K, used 134225K [0x00000000e0000000, 0x00000000f7d00000, 0x0000000100000000)
  eden space 302080K, 31% used [0x00000000e0000000,0x00000000e5da8218,0x00000000f2700000)
  from space 38400K, 99% used [0x00000000f3300000,0x00000000f586c340,0x00000000f5880000)
  to   space 37376K, 0% used [0x00000000f5880000,0x00000000f5880000,0x00000000f7d00000)
 ParOldGen       total 122368K, used 48416K [0x00000000a0000000, 0x00000000a7780000, 0x00000000e0000000)
  object space 122368K, 39% used [0x00000000a0000000,0x00000000a2f480c0,0x00000000a7780000)
 Metaspace       used 94508K, capacity 98294K, committed 98380K, reserved 1134592K
  class space    used 12104K, capacity 12905K, committed 12928K, reserved 1048576K
Event: 232.759 GC heap after
Heap after GC invocations=27 (full 3):
 PSYoungGen      total 339456K, used 37370K [0x00000000e0000000, 0x00000000f7d00000, 0x0000000100000000)
  eden space 302080K, 0% used [0x00000000e0000000,0x00000000e0000000,0x00000000f2700000)
  from space 37376K, 99% used [0x00000000f5880000,0x00000000f7cfeba0,0x00000000f7d00000)
  to   space 38400K, 0% used [0x00000000f3300000,0x00000000f3300000,0x00000000f5880000)
 ParOldGen       total 122368K, used 59829K [0x00000000a0000000, 0x00000000a7780000, 0x00000000e0000000)
  object space 122368K, 48% used [0x00000000a0000000,0x00000000a3a6d628,0x00000000a7780000)
 Metaspace       used 94508K, capacity 98294K, committed 98380K, reserved 1134592K
  class space    used 12104K, capacity 12905K, committed 12928K, reserved 1048576K
}
Event: 232.759 GC heap before
{Heap before GC invocations=28 (full 4):
 PSYoungGen      total 339456K, used 37370K [0x00000000e0000000, 0x00000000f7d00000, 0x0000000100000000)
  eden space 302080K, 0% used [0x00000000e0000000,0x00000000e0000000,0x00000000f2700000)
  from space 37376K, 99% used [0x00000000f5880000,0x00000000f7cfeba0,0x00000000f7d00000)
  to   space 38400K, 0% used [0x00000000f3300000,0x00000000f3300000,0x00000000f5880000)
 ParOldGen       total 122368K, used 59829K [0x00000000a0000000, 0x00000000a7780000, 0x00000000e0000000)
  object space 122368K, 48% used [0x00000000a0000000,0x00000000a3a6d628,0x00000000a7780000)
 Metaspace       used 94508K, capacity 98294K, committed 98380K, reserved 1134592K
  class space    used 12104K, capacity 12905K, committed 12928K, reserved 1048576K
Event: 233.064 GC heap after
Heap after GC invocations=28 (full 4):
 PSYoungGen      total 339456K, used 0K [0x00000000e0000000, 0x00000000f7d00000, 0x0000000100000000)
  eden space 302080K, 0% used [0x00000000e0000000,0x00000000e0000000,0x00000000f2700000)
  from space 37376K, 0% used [0x00000000f5880000,0x00000000f5880000,0x00000000f7d00000)
  to   space 38400K, 0% used [0x00000000f3300000,0x00000000f3300000,0x00000000f5880000)
 ParOldGen       total 122368K, used 83107K [0x00000000a0000000, 0x00000000a7780000, 0x00000000e0000000)
  object space 122368K, 67% used [0x00000000a0000000,0x00000000a5128e90,0x00000000a7780000)
 Metaspace       used 94446K, capacity 98158K, committed 98380K, reserved 1134592K
  class space    used 12086K, capacity 12882K, committed 12928K, reserved 1048576K
}

